<?xml version="1.0" encoding="UTF-8"?>
<testsuite name="com.spring.core.basic.printer.PrinterTest" tests="1" skipped="0" failures="0" errors="0" timestamp="2021-04-28T07:11:38" hostname="KITT-34" time="0.264">
  <properties/>
  <testcase name="스프링 xml 컨테이너에 의해 프린터가 생성되고 작동 Test" classname="com.spring.core.basic.printer.PrinterTest" time="0.264"/>
  <system-out><![CDATA[16:11:38.414 [Test worker] DEBUG org.springframework.beans.factory.xml.XmlBeanDefinitionReader - Loaded 2 bean definitions from class path resource [printConfig.xml]
16:11:38.414 [Test worker] DEBUG org.springframework.context.support.GenericXmlApplicationContext - Refreshing org.springframework.context.support.GenericXmlApplicationContext@68ceff33
16:11:38.446 [Test worker] DEBUG org.springframework.beans.factory.support.DefaultListableBeanFactory - Creating shared instance of singleton bean 'paper'
16:11:38.493 [Test worker] DEBUG org.springframework.beans.factory.support.DefaultListableBeanFactory - Creating shared instance of singleton bean 'printer'
------------- 출력 내용 --------------
# JAVA
# Spring
# DI Container
]]></system-out>
  <system-err><![CDATA[]]></system-err>
</testsuite>
